
   RedisException 

  read error on connection to core.greenlabs.ai:11032

  at vendor/laravel/framework/src/Illuminate/Redis/Connections/PhpRedisConnection.php:463
    459|     public function subscribe($channels, Closure $callback)
    460|     {
    461|         $this->client->subscribe((array) $channels, function ($redis, $channel, $message) use ($callback) {
    462|             $callback($message, $channel);
  > 463|         });
    464|     }
    465| 
    466|     /**
    467|      * Subscribe to a set of given channels with wildcards.

      [2m+3 vendor frames [22m
  4   app/Console/Commands/GetDataFromAI.php:44
      Illuminate\Support\Facades\Facade::__callStatic("subscribe")

      [2m+13 vendor frames [22m
  18  artisan:37
      Illuminate\Foundation\Console\Kernel::handle(Object(Symfony\Component\Console\Input\ArgvInput), Object(Symfony\Component\Console\Output\ConsoleOutput))

   RedisException 

  read error on connection to core.greenlabs.ai:11032

  at vendor/laravel/framework/src/Illuminate/Redis/Connections/PhpRedisConnection.php:463
    459|     public function subscribe($channels, Closure $callback)
    460|     {
    461|         $this->client->subscribe((array) $channels, function ($redis, $channel, $message) use ($callback) {
    462|             $callback($message, $channel);
  > 463|         });
    464|     }
    465| 
    466|     /**
    467|      * Subscribe to a set of given channels with wildcards.

      [2m+3 vendor frames [22m
  4   app/Console/Commands/GetDataFromAI.php:44
      Illuminate\Support\Facades\Facade::__callStatic("subscribe")

      [2m+13 vendor frames [22m
  18  artisan:37
      Illuminate\Foundation\Console\Kernel::handle(Object(Symfony\Component\Console\Input\ArgvInput), Object(Symfony\Component\Console\Output\ConsoleOutput))

   RedisException 

  read error on connection to core.greenlabs.ai:11032

  at vendor/laravel/framework/src/Illuminate/Redis/Connections/PhpRedisConnection.php:463
    459|     public function subscribe($channels, Closure $callback)
    460|     {
    461|         $this->client->subscribe((array) $channels, function ($redis, $channel, $message) use ($callback) {
    462|             $callback($message, $channel);
  > 463|         });
    464|     }
    465| 
    466|     /**
    467|      * Subscribe to a set of given channels with wildcards.

      [2m+3 vendor frames [22m
  4   app/Console/Commands/GetDataFromAI.php:44
      Illuminate\Support\Facades\Facade::__callStatic("subscribe")

      [2m+13 vendor frames [22m
  18  artisan:37
      Illuminate\Foundation\Console\Kernel::handle(Object(Symfony\Component\Console\Input\ArgvInput), Object(Symfony\Component\Console\Output\ConsoleOutput))

   RedisException 

  read error on connection to core.greenlabs.ai:11032

  at vendor/laravel/framework/src/Illuminate/Redis/Connections/PhpRedisConnection.php:463
    459|     public function subscribe($channels, Closure $callback)
    460|     {
    461|         $this->client->subscribe((array) $channels, function ($redis, $channel, $message) use ($callback) {
    462|             $callback($message, $channel);
  > 463|         });
    464|     }
    465| 
    466|     /**
    467|      * Subscribe to a set of given channels with wildcards.

      [2m+3 vendor frames [22m
  4   app/Console/Commands/GetDataFromAI.php:44
      Illuminate\Support\Facades\Facade::__callStatic("subscribe")

      [2m+13 vendor frames [22m
  18  artisan:37
      Illuminate\Foundation\Console\Kernel::handle(Object(Symfony\Component\Console\Input\ArgvInput), Object(Symfony\Component\Console\Output\ConsoleOutput))

   RedisException 

  read error on connection to core.greenlabs.ai:11032

  at vendor/laravel/framework/src/Illuminate/Redis/Connections/PhpRedisConnection.php:463
    459|     public function subscribe($channels, Closure $callback)
    460|     {
    461|         $this->client->subscribe((array) $channels, function ($redis, $channel, $message) use ($callback) {
    462|             $callback($message, $channel);
  > 463|         });
    464|     }
    465| 
    466|     /**
    467|      * Subscribe to a set of given channels with wildcards.

      [2m+3 vendor frames [22m
  4   app/Console/Commands/GetDataFromAI.php:44
      Illuminate\Support\Facades\Facade::__callStatic("subscribe")

      [2m+13 vendor frames [22m
  18  artisan:37
      Illuminate\Foundation\Console\Kernel::handle(Object(Symfony\Component\Console\Input\ArgvInput), Object(Symfony\Component\Console\Output\ConsoleOutput))

   RedisException 

  read error on connection to core.greenlabs.ai:11032

  at vendor/laravel/framework/src/Illuminate/Redis/Connections/PhpRedisConnection.php:463
    459|     public function subscribe($channels, Closure $callback)
    460|     {
    461|         $this->client->subscribe((array) $channels, function ($redis, $channel, $message) use ($callback) {
    462|             $callback($message, $channel);
  > 463|         });
    464|     }
    465| 
    466|     /**
    467|      * Subscribe to a set of given channels with wildcards.

      [2m+3 vendor frames [22m
  4   app/Console/Commands/GetDataFromAI.php:44
      Illuminate\Support\Facades\Facade::__callStatic("subscribe")

      [2m+13 vendor frames [22m
  18  artisan:37
      Illuminate\Foundation\Console\Kernel::handle(Object(Symfony\Component\Console\Input\ArgvInput), Object(Symfony\Component\Console\Output\ConsoleOutput))

   RedisException 

  read error on connection to core.greenlabs.ai:11032

  at vendor/laravel/framework/src/Illuminate/Redis/Connections/PhpRedisConnection.php:463
    459|     public function subscribe($channels, Closure $callback)
    460|     {
    461|         $this->client->subscribe((array) $channels, function ($redis, $channel, $message) use ($callback) {
    462|             $callback($message, $channel);
  > 463|         });
    464|     }
    465| 
    466|     /**
    467|      * Subscribe to a set of given channels with wildcards.

      [2m+3 vendor frames [22m
  4   app/Console/Commands/GetDataFromAI.php:44
      Illuminate\Support\Facades\Facade::__callStatic("subscribe")

      [2m+13 vendor frames [22m
  18  artisan:37
      Illuminate\Foundation\Console\Kernel::handle(Object(Symfony\Component\Console\Input\ArgvInput), Object(Symfony\Component\Console\Output\ConsoleOutput))

   RedisException 

  read error on connection to core.greenlabs.ai:11032

  at vendor/laravel/framework/src/Illuminate/Redis/Connections/PhpRedisConnection.php:463
    459|     public function subscribe($channels, Closure $callback)
    460|     {
    461|         $this->client->subscribe((array) $channels, function ($redis, $channel, $message) use ($callback) {
    462|             $callback($message, $channel);
  > 463|         });
    464|     }
    465| 
    466|     /**
    467|      * Subscribe to a set of given channels with wildcards.

      [2m+3 vendor frames [22m
  4   app/Console/Commands/GetDataFromAI.php:44
      Illuminate\Support\Facades\Facade::__callStatic("subscribe")

      [2m+13 vendor frames [22m
  18  artisan:37
      Illuminate\Foundation\Console\Kernel::handle(Object(Symfony\Component\Console\Input\ArgvInput), Object(Symfony\Component\Console\Output\ConsoleOutput))

   RedisException 

  read error on connection to core.greenlabs.ai:11032

  at vendor/laravel/framework/src/Illuminate/Redis/Connections/PhpRedisConnection.php:463
    459|     public function subscribe($channels, Closure $callback)
    460|     {
    461|         $this->client->subscribe((array) $channels, function ($redis, $channel, $message) use ($callback) {
    462|             $callback($message, $channel);
  > 463|         });
    464|     }
    465| 
    466|     /**
    467|      * Subscribe to a set of given channels with wildcards.

      [2m+3 vendor frames [22m
  4   app/Console/Commands/GetDataFromAI.php:44
      Illuminate\Support\Facades\Facade::__callStatic("subscribe")

      [2m+13 vendor frames [22m
  18  artisan:37
      Illuminate\Foundation\Console\Kernel::handle(Object(Symfony\Component\Console\Input\ArgvInput), Object(Symfony\Component\Console\Output\ConsoleOutput))

   RedisException 

  read error on connection to core.greenlabs.ai:11032

  at vendor/laravel/framework/src/Illuminate/Redis/Connections/PhpRedisConnection.php:463
    459|     public function subscribe($channels, Closure $callback)
    460|     {
    461|         $this->client->subscribe((array) $channels, function ($redis, $channel, $message) use ($callback) {
    462|             $callback($message, $channel);
  > 463|         });
    464|     }
    465| 
    466|     /**
    467|      * Subscribe to a set of given channels with wildcards.

      [2m+3 vendor frames [22m
  4   app/Console/Commands/GetDataFromAI.php:44
      Illuminate\Support\Facades\Facade::__callStatic("subscribe")

      [2m+13 vendor frames [22m
  18  artisan:37
      Illuminate\Foundation\Console\Kernel::handle(Object(Symfony\Component\Console\Input\ArgvInput), Object(Symfony\Component\Console\Output\ConsoleOutput))

   RedisException 

  read error on connection to core.greenlabs.ai:11032

  at vendor/laravel/framework/src/Illuminate/Redis/Connections/PhpRedisConnection.php:463
    459|     public function subscribe($channels, Closure $callback)
    460|     {
    461|         $this->client->subscribe((array) $channels, function ($redis, $channel, $message) use ($callback) {
    462|             $callback($message, $channel);
  > 463|         });
    464|     }
    465| 
    466|     /**
    467|      * Subscribe to a set of given channels with wildcards.

      [2m+3 vendor frames [22m
  4   app/Console/Commands/GetDataFromAI.php:44
      Illuminate\Support\Facades\Facade::__callStatic("subscribe")

      [2m+13 vendor frames [22m
  18  artisan:37
      Illuminate\Foundation\Console\Kernel::handle(Object(Symfony\Component\Console\Input\ArgvInput), Object(Symfony\Component\Console\Output\ConsoleOutput))

   RedisException 

  read error on connection to core.greenlabs.ai:11032

  at vendor/laravel/framework/src/Illuminate/Redis/Connections/PhpRedisConnection.php:463
    459|     public function subscribe($channels, Closure $callback)
    460|     {
    461|         $this->client->subscribe((array) $channels, function ($redis, $channel, $message) use ($callback) {
    462|             $callback($message, $channel);
  > 463|         });
    464|     }
    465| 
    466|     /**
    467|      * Subscribe to a set of given channels with wildcards.

      [2m+3 vendor frames [22m
  4   app/Console/Commands/GetDataFromAI.php:44
      Illuminate\Support\Facades\Facade::__callStatic("subscribe")

      [2m+13 vendor frames [22m
  18  artisan:37
      Illuminate\Foundation\Console\Kernel::handle(Object(Symfony\Component\Console\Input\ArgvInput), Object(Symfony\Component\Console\Output\ConsoleOutput))

   RedisException 

  read error on connection to core.greenlabs.ai:11032

  at vendor/laravel/framework/src/Illuminate/Redis/Connections/PhpRedisConnection.php:463
    459|     public function subscribe($channels, Closure $callback)
    460|     {
    461|         $this->client->subscribe((array) $channels, function ($redis, $channel, $message) use ($callback) {
    462|             $callback($message, $channel);
  > 463|         });
    464|     }
    465| 
    466|     /**
    467|      * Subscribe to a set of given channels with wildcards.

      [2m+3 vendor frames [22m
  4   app/Console/Commands/GetDataFromAI.php:44
      Illuminate\Support\Facades\Facade::__callStatic("subscribe")

      [2m+13 vendor frames [22m
  18  artisan:37
      Illuminate\Foundation\Console\Kernel::handle(Object(Symfony\Component\Console\Input\ArgvInput), Object(Symfony\Component\Console\Output\ConsoleOutput))

   RedisException 

  read error on connection to core.greenlabs.ai:11032

  at vendor/laravel/framework/src/Illuminate/Redis/Connections/PhpRedisConnection.php:463
    459|     public function subscribe($channels, Closure $callback)
    460|     {
    461|         $this->client->subscribe((array) $channels, function ($redis, $channel, $message) use ($callback) {
    462|             $callback($message, $channel);
  > 463|         });
    464|     }
    465| 
    466|     /**
    467|      * Subscribe to a set of given channels with wildcards.

      [2m+3 vendor frames [22m
  4   app/Console/Commands/GetDataFromAI.php:44
      Illuminate\Support\Facades\Facade::__callStatic("subscribe")

      [2m+13 vendor frames [22m
  18  artisan:37
      Illuminate\Foundation\Console\Kernel::handle(Object(Symfony\Component\Console\Input\ArgvInput), Object(Symfony\Component\Console\Output\ConsoleOutput))

   RedisException 

  read error on connection to core.greenlabs.ai:11032

  at vendor/laravel/framework/src/Illuminate/Redis/Connections/PhpRedisConnection.php:463
    459|     public function subscribe($channels, Closure $callback)
    460|     {
    461|         $this->client->subscribe((array) $channels, function ($redis, $channel, $message) use ($callback) {
    462|             $callback($message, $channel);
  > 463|         });
    464|     }
    465| 
    466|     /**
    467|      * Subscribe to a set of given channels with wildcards.

      [2m+3 vendor frames [22m
  4   app/Console/Commands/GetDataFromAI.php:44
      Illuminate\Support\Facades\Facade::__callStatic("subscribe")

      [2m+13 vendor frames [22m
  18  artisan:37
      Illuminate\Foundation\Console\Kernel::handle(Object(Symfony\Component\Console\Input\ArgvInput), Object(Symfony\Component\Console\Output\ConsoleOutput))

   RedisException 

  read error on connection to core.greenlabs.ai:11032

  at vendor/laravel/framework/src/Illuminate/Redis/Connections/PhpRedisConnection.php:463
    459|     public function subscribe($channels, Closure $callback)
    460|     {
    461|         $this->client->subscribe((array) $channels, function ($redis, $channel, $message) use ($callback) {
    462|             $callback($message, $channel);
  > 463|         });
    464|     }
    465| 
    466|     /**
    467|      * Subscribe to a set of given channels with wildcards.

      [2m+3 vendor frames [22m
  4   app/Console/Commands/GetDataFromAI.php:44
      Illuminate\Support\Facades\Facade::__callStatic("subscribe")

      [2m+13 vendor frames [22m
  18  artisan:37
      Illuminate\Foundation\Console\Kernel::handle(Object(Symfony\Component\Console\Input\ArgvInput), Object(Symfony\Component\Console\Output\ConsoleOutput))

   RedisException 

  read error on connection to core.greenlabs.ai:11032

  at vendor/laravel/framework/src/Illuminate/Redis/Connections/PhpRedisConnection.php:463
    459|     public function subscribe($channels, Closure $callback)
    460|     {
    461|         $this->client->subscribe((array) $channels, function ($redis, $channel, $message) use ($callback) {
    462|             $callback($message, $channel);
  > 463|         });
    464|     }
    465| 
    466|     /**
    467|      * Subscribe to a set of given channels with wildcards.

      [2m+3 vendor frames [22m
  4   app/Console/Commands/GetDataFromAI.php:44
      Illuminate\Support\Facades\Facade::__callStatic("subscribe")

      [2m+13 vendor frames [22m
  18  artisan:37
      Illuminate\Foundation\Console\Kernel::handle(Object(Symfony\Component\Console\Input\ArgvInput), Object(Symfony\Component\Console\Output\ConsoleOutput))

   RedisException 

  read error on connection to core.greenlabs.ai:11032

  at vendor/laravel/framework/src/Illuminate/Redis/Connections/PhpRedisConnection.php:463
    459|     public function subscribe($channels, Closure $callback)
    460|     {
    461|         $this->client->subscribe((array) $channels, function ($redis, $channel, $message) use ($callback) {
    462|             $callback($message, $channel);
  > 463|         });
    464|     }
    465| 
    466|     /**
    467|      * Subscribe to a set of given channels with wildcards.

      [2m+3 vendor frames [22m
  4   app/Console/Commands/GetDataFromAI.php:44
      Illuminate\Support\Facades\Facade::__callStatic("subscribe")

      [2m+13 vendor frames [22m
  18  artisan:37
      Illuminate\Foundation\Console\Kernel::handle(Object(Symfony\Component\Console\Input\ArgvInput), Object(Symfony\Component\Console\Output\ConsoleOutput))

   RedisException 

  read error on connection to core.greenlabs.ai:11032

  at vendor/laravel/framework/src/Illuminate/Redis/Connections/PhpRedisConnection.php:463
    459|     public function subscribe($channels, Closure $callback)
    460|     {
    461|         $this->client->subscribe((array) $channels, function ($redis, $channel, $message) use ($callback) {
    462|             $callback($message, $channel);
  > 463|         });
    464|     }
    465| 
    466|     /**
    467|      * Subscribe to a set of given channels with wildcards.

      [2m+3 vendor frames [22m
  4   app/Console/Commands/GetDataFromAI.php:44
      Illuminate\Support\Facades\Facade::__callStatic("subscribe")

      [2m+13 vendor frames [22m
  18  artisan:37
      Illuminate\Foundation\Console\Kernel::handle(Object(Symfony\Component\Console\Input\ArgvInput), Object(Symfony\Component\Console\Output\ConsoleOutput))

   RedisException 

  read error on connection to core.greenlabs.ai:11032

  at vendor/laravel/framework/src/Illuminate/Redis/Connections/PhpRedisConnection.php:463
    459|     public function subscribe($channels, Closure $callback)
    460|     {
    461|         $this->client->subscribe((array) $channels, function ($redis, $channel, $message) use ($callback) {
    462|             $callback($message, $channel);
  > 463|         });
    464|     }
    465| 
    466|     /**
    467|      * Subscribe to a set of given channels with wildcards.

      [2m+3 vendor frames [22m
  4   app/Console/Commands/GetDataFromAI.php:44
      Illuminate\Support\Facades\Facade::__callStatic("subscribe")

      [2m+13 vendor frames [22m
  18  artisan:37
      Illuminate\Foundation\Console\Kernel::handle(Object(Symfony\Component\Console\Input\ArgvInput), Object(Symfony\Component\Console\Output\ConsoleOutput))

   RedisException 

  read error on connection to core.greenlabs.ai:11032

  at vendor/laravel/framework/src/Illuminate/Redis/Connections/PhpRedisConnection.php:463
    459|     public function subscribe($channels, Closure $callback)
    460|     {
    461|         $this->client->subscribe((array) $channels, function ($redis, $channel, $message) use ($callback) {
    462|             $callback($message, $channel);
  > 463|         });
    464|     }
    465| 
    466|     /**
    467|      * Subscribe to a set of given channels with wildcards.

      [2m+3 vendor frames [22m
  4   app/Console/Commands/GetDataFromAI.php:44
      Illuminate\Support\Facades\Facade::__callStatic("subscribe")

      [2m+13 vendor frames [22m
  18  artisan:37
      Illuminate\Foundation\Console\Kernel::handle(Object(Symfony\Component\Console\Input\ArgvInput), Object(Symfony\Component\Console\Output\ConsoleOutput))

   RedisException 

  read error on connection to core.greenlabs.ai:11032

  at vendor/laravel/framework/src/Illuminate/Redis/Connections/PhpRedisConnection.php:463
    459|     public function subscribe($channels, Closure $callback)
    460|     {
    461|         $this->client->subscribe((array) $channels, function ($redis, $channel, $message) use ($callback) {
    462|             $callback($message, $channel);
  > 463|         });
    464|     }
    465| 
    466|     /**
    467|      * Subscribe to a set of given channels with wildcards.

      [2m+3 vendor frames [22m
  4   app/Console/Commands/GetDataFromAI.php:44
      Illuminate\Support\Facades\Facade::__callStatic("subscribe")

      [2m+13 vendor frames [22m
  18  artisan:37
      Illuminate\Foundation\Console\Kernel::handle(Object(Symfony\Component\Console\Input\ArgvInput), Object(Symfony\Component\Console\Output\ConsoleOutput))

   RedisException 

  read error on connection to core.greenlabs.ai:11032

  at vendor/laravel/framework/src/Illuminate/Redis/Connections/PhpRedisConnection.php:463
    459|     public function subscribe($channels, Closure $callback)
    460|     {
    461|         $this->client->subscribe((array) $channels, function ($redis, $channel, $message) use ($callback) {
    462|             $callback($message, $channel);
  > 463|         });
    464|     }
    465| 
    466|     /**
    467|      * Subscribe to a set of given channels with wildcards.

      [2m+3 vendor frames [22m
  4   app/Console/Commands/GetDataFromAI.php:44
      Illuminate\Support\Facades\Facade::__callStatic("subscribe")

      [2m+13 vendor frames [22m
  18  artisan:37
      Illuminate\Foundation\Console\Kernel::handle(Object(Symfony\Component\Console\Input\ArgvInput), Object(Symfony\Component\Console\Output\ConsoleOutput))

   RedisException 

  read error on connection to core.greenlabs.ai:11032

  at vendor/laravel/framework/src/Illuminate/Redis/Connections/PhpRedisConnection.php:463
    459|     public function subscribe($channels, Closure $callback)
    460|     {
    461|         $this->client->subscribe((array) $channels, function ($redis, $channel, $message) use ($callback) {
    462|             $callback($message, $channel);
  > 463|         });
    464|     }
    465| 
    466|     /**
    467|      * Subscribe to a set of given channels with wildcards.

      [2m+3 vendor frames [22m
  4   app/Console/Commands/GetDataFromAI.php:44
      Illuminate\Support\Facades\Facade::__callStatic("subscribe")

      [2m+13 vendor frames [22m
  18  artisan:37
      Illuminate\Foundation\Console\Kernel::handle(Object(Symfony\Component\Console\Input\ArgvInput), Object(Symfony\Component\Console\Output\ConsoleOutput))

   RedisException 

  read error on connection to core.greenlabs.ai:11032

  at vendor/laravel/framework/src/Illuminate/Redis/Connections/PhpRedisConnection.php:463
    459|     public function subscribe($channels, Closure $callback)
    460|     {
    461|         $this->client->subscribe((array) $channels, function ($redis, $channel, $message) use ($callback) {
    462|             $callback($message, $channel);
  > 463|         });
    464|     }
    465| 
    466|     /**
    467|      * Subscribe to a set of given channels with wildcards.

      [2m+3 vendor frames [22m
  4   app/Console/Commands/GetDataFromAI.php:44
      Illuminate\Support\Facades\Facade::__callStatic("subscribe")

      [2m+13 vendor frames [22m
  18  artisan:37
      Illuminate\Foundation\Console\Kernel::handle(Object(Symfony\Component\Console\Input\ArgvInput), Object(Symfony\Component\Console\Output\ConsoleOutput))

   RedisException 

  read error on connection to core.greenlabs.ai:11032

  at vendor/laravel/framework/src/Illuminate/Redis/Connections/PhpRedisConnection.php:463
    459|     public function subscribe($channels, Closure $callback)
    460|     {
    461|         $this->client->subscribe((array) $channels, function ($redis, $channel, $message) use ($callback) {
    462|             $callback($message, $channel);
  > 463|         });
    464|     }
    465| 
    466|     /**
    467|      * Subscribe to a set of given channels with wildcards.

      [2m+3 vendor frames [22m
  4   app/Console/Commands/GetDataFromAI.php:44
      Illuminate\Support\Facades\Facade::__callStatic("subscribe")

      [2m+13 vendor frames [22m
  18  artisan:37
      Illuminate\Foundation\Console\Kernel::handle(Object(Symfony\Component\Console\Input\ArgvInput), Object(Symfony\Component\Console\Output\ConsoleOutput))

   RedisException 

  read error on connection to core.greenlabs.ai:11032

  at vendor/laravel/framework/src/Illuminate/Redis/Connections/PhpRedisConnection.php:463
    459|     public function subscribe($channels, Closure $callback)
    460|     {
    461|         $this->client->subscribe((array) $channels, function ($redis, $channel, $message) use ($callback) {
    462|             $callback($message, $channel);
  > 463|         });
    464|     }
    465| 
    466|     /**
    467|      * Subscribe to a set of given channels with wildcards.

      [2m+3 vendor frames [22m
  4   app/Console/Commands/GetDataFromAI.php:44
      Illuminate\Support\Facades\Facade::__callStatic("subscribe")

      [2m+13 vendor frames [22m
  18  artisan:37
      Illuminate\Foundation\Console\Kernel::handle(Object(Symfony\Component\Console\Input\ArgvInput), Object(Symfony\Component\Console\Output\ConsoleOutput))

   RedisException 

  read error on connection to core.greenlabs.ai:11032

  at vendor/laravel/framework/src/Illuminate/Redis/Connections/PhpRedisConnection.php:463
    459|     public function subscribe($channels, Closure $callback)
    460|     {
    461|         $this->client->subscribe((array) $channels, function ($redis, $channel, $message) use ($callback) {
    462|             $callback($message, $channel);
  > 463|         });
    464|     }
    465| 
    466|     /**
    467|      * Subscribe to a set of given channels with wildcards.

      [2m+3 vendor frames [22m
  4   app/Console/Commands/GetDataFromAI.php:44
      Illuminate\Support\Facades\Facade::__callStatic("subscribe")

      [2m+13 vendor frames [22m
  18  artisan:37
      Illuminate\Foundation\Console\Kernel::handle(Object(Symfony\Component\Console\Input\ArgvInput), Object(Symfony\Component\Console\Output\ConsoleOutput))

   RedisException 

  read error on connection to core.greenlabs.ai:11032

  at vendor/laravel/framework/src/Illuminate/Redis/Connections/PhpRedisConnection.php:463
    459|     public function subscribe($channels, Closure $callback)
    460|     {
    461|         $this->client->subscribe((array) $channels, function ($redis, $channel, $message) use ($callback) {
    462|             $callback($message, $channel);
  > 463|         });
    464|     }
    465| 
    466|     /**
    467|      * Subscribe to a set of given channels with wildcards.

      [2m+3 vendor frames [22m
  4   app/Console/Commands/GetDataFromAI.php:44
      Illuminate\Support\Facades\Facade::__callStatic("subscribe")

      [2m+13 vendor frames [22m
  18  artisan:37
      Illuminate\Foundation\Console\Kernel::handle(Object(Symfony\Component\Console\Input\ArgvInput), Object(Symfony\Component\Console\Output\ConsoleOutput))

   RedisException 

  read error on connection to core.greenlabs.ai:11032

  at vendor/laravel/framework/src/Illuminate/Redis/Connections/PhpRedisConnection.php:463
    459|     public function subscribe($channels, Closure $callback)
    460|     {
    461|         $this->client->subscribe((array) $channels, function ($redis, $channel, $message) use ($callback) {
    462|             $callback($message, $channel);
  > 463|         });
    464|     }
    465| 
    466|     /**
    467|      * Subscribe to a set of given channels with wildcards.

      [2m+3 vendor frames [22m
  4   app/Console/Commands/GetDataFromAI.php:44
      Illuminate\Support\Facades\Facade::__callStatic("subscribe")

      [2m+13 vendor frames [22m
  18  artisan:37
      Illuminate\Foundation\Console\Kernel::handle(Object(Symfony\Component\Console\Input\ArgvInput), Object(Symfony\Component\Console\Output\ConsoleOutput))

   RedisException 

  read error on connection to core.greenlabs.ai:11032

  at vendor/laravel/framework/src/Illuminate/Redis/Connections/PhpRedisConnection.php:463
    459|     public function subscribe($channels, Closure $callback)
    460|     {
    461|         $this->client->subscribe((array) $channels, function ($redis, $channel, $message) use ($callback) {
    462|             $callback($message, $channel);
  > 463|         });
    464|     }
    465| 
    466|     /**
    467|      * Subscribe to a set of given channels with wildcards.

      [2m+3 vendor frames [22m
  4   app/Console/Commands/GetDataFromAI.php:44
      Illuminate\Support\Facades\Facade::__callStatic("subscribe")

      [2m+13 vendor frames [22m
  18  artisan:37
      Illuminate\Foundation\Console\Kernel::handle(Object(Symfony\Component\Console\Input\ArgvInput), Object(Symfony\Component\Console\Output\ConsoleOutput))

   RedisException 

  read error on connection to core.greenlabs.ai:11032

  at vendor/laravel/framework/src/Illuminate/Redis/Connections/PhpRedisConnection.php:463
    459|     public function subscribe($channels, Closure $callback)
    460|     {
    461|         $this->client->subscribe((array) $channels, function ($redis, $channel, $message) use ($callback) {
    462|             $callback($message, $channel);
  > 463|         });
    464|     }
    465| 
    466|     /**
    467|      * Subscribe to a set of given channels with wildcards.

      [2m+3 vendor frames [22m
  4   app/Console/Commands/GetDataFromAI.php:44
      Illuminate\Support\Facades\Facade::__callStatic("subscribe")

      [2m+13 vendor frames [22m
  18  artisan:37
      Illuminate\Foundation\Console\Kernel::handle(Object(Symfony\Component\Console\Input\ArgvInput), Object(Symfony\Component\Console\Output\ConsoleOutput))

   RedisException 

  read error on connection to core.greenlabs.ai:11032

  at vendor/laravel/framework/src/Illuminate/Redis/Connections/PhpRedisConnection.php:463
    459|     public function subscribe($channels, Closure $callback)
    460|     {
    461|         $this->client->subscribe((array) $channels, function ($redis, $channel, $message) use ($callback) {
    462|             $callback($message, $channel);
  > 463|         });
    464|     }
    465| 
    466|     /**
    467|      * Subscribe to a set of given channels with wildcards.

      [2m+3 vendor frames [22m
  4   app/Console/Commands/GetDataFromAI.php:44
      Illuminate\Support\Facades\Facade::__callStatic("subscribe")

      [2m+13 vendor frames [22m
  18  artisan:37
      Illuminate\Foundation\Console\Kernel::handle(Object(Symfony\Component\Console\Input\ArgvInput), Object(Symfony\Component\Console\Output\ConsoleOutput))

   RedisException 

  read error on connection to core.greenlabs.ai:11032

  at vendor/laravel/framework/src/Illuminate/Redis/Connections/PhpRedisConnection.php:463
    459|     public function subscribe($channels, Closure $callback)
    460|     {
    461|         $this->client->subscribe((array) $channels, function ($redis, $channel, $message) use ($callback) {
    462|             $callback($message, $channel);
  > 463|         });
    464|     }
    465| 
    466|     /**
    467|      * Subscribe to a set of given channels with wildcards.

      [2m+3 vendor frames [22m
  4   app/Console/Commands/GetDataFromAI.php:44
      Illuminate\Support\Facades\Facade::__callStatic("subscribe")

      [2m+13 vendor frames [22m
  18  artisan:37
      Illuminate\Foundation\Console\Kernel::handle(Object(Symfony\Component\Console\Input\ArgvInput), Object(Symfony\Component\Console\Output\ConsoleOutput))

   RedisException 

  read error on connection to core.greenlabs.ai:11032

  at vendor/laravel/framework/src/Illuminate/Redis/Connections/PhpRedisConnection.php:463
    459|     public function subscribe($channels, Closure $callback)
    460|     {
    461|         $this->client->subscribe((array) $channels, function ($redis, $channel, $message) use ($callback) {
    462|             $callback($message, $channel);
  > 463|         });
    464|     }
    465| 
    466|     /**
    467|      * Subscribe to a set of given channels with wildcards.

      [2m+3 vendor frames [22m
  4   app/Console/Commands/GetDataFromAI.php:44
      Illuminate\Support\Facades\Facade::__callStatic("subscribe")

      [2m+13 vendor frames [22m
  18  artisan:37
      Illuminate\Foundation\Console\Kernel::handle(Object(Symfony\Component\Console\Input\ArgvInput), Object(Symfony\Component\Console\Output\ConsoleOutput))

   RedisException 

  read error on connection to core.greenlabs.ai:11032

  at vendor/laravel/framework/src/Illuminate/Redis/Connections/PhpRedisConnection.php:463
    459|     public function subscribe($channels, Closure $callback)
    460|     {
    461|         $this->client->subscribe((array) $channels, function ($redis, $channel, $message) use ($callback) {
    462|             $callback($message, $channel);
  > 463|         });
    464|     }
    465| 
    466|     /**
    467|      * Subscribe to a set of given channels with wildcards.

      [2m+3 vendor frames [22m
  4   app/Console/Commands/GetDataFromAI.php:44
      Illuminate\Support\Facades\Facade::__callStatic("subscribe")

      [2m+13 vendor frames [22m
  18  artisan:37
      Illuminate\Foundation\Console\Kernel::handle(Object(Symfony\Component\Console\Input\ArgvInput), Object(Symfony\Component\Console\Output\ConsoleOutput))

   RedisException 

  read error on connection to core.greenlabs.ai:11032

  at vendor/laravel/framework/src/Illuminate/Redis/Connections/PhpRedisConnection.php:463
    459|     public function subscribe($channels, Closure $callback)
    460|     {
    461|         $this->client->subscribe((array) $channels, function ($redis, $channel, $message) use ($callback) {
    462|             $callback($message, $channel);
  > 463|         });
    464|     }
    465| 
    466|     /**
    467|      * Subscribe to a set of given channels with wildcards.

      [2m+3 vendor frames [22m
  4   app/Console/Commands/GetDataFromAI.php:44
      Illuminate\Support\Facades\Facade::__callStatic("subscribe")

      [2m+13 vendor frames [22m
  18  artisan:37
      Illuminate\Foundation\Console\Kernel::handle(Object(Symfony\Component\Console\Input\ArgvInput), Object(Symfony\Component\Console\Output\ConsoleOutput))

   RedisException 

  read error on connection to core.greenlabs.ai:11032

  at vendor/laravel/framework/src/Illuminate/Redis/Connections/PhpRedisConnection.php:463
    459|     public function subscribe($channels, Closure $callback)
    460|     {
    461|         $this->client->subscribe((array) $channels, function ($redis, $channel, $message) use ($callback) {
    462|             $callback($message, $channel);
  > 463|         });
    464|     }
    465| 
    466|     /**
    467|      * Subscribe to a set of given channels with wildcards.

      [2m+3 vendor frames [22m
  4   app/Console/Commands/GetDataFromAI.php:44
      Illuminate\Support\Facades\Facade::__callStatic("subscribe")

      [2m+13 vendor frames [22m
  18  artisan:37
      Illuminate\Foundation\Console\Kernel::handle(Object(Symfony\Component\Console\Input\ArgvInput), Object(Symfony\Component\Console\Output\ConsoleOutput))

   RedisException 

  read error on connection to core.greenlabs.ai:11032

  at vendor/laravel/framework/src/Illuminate/Redis/Connections/PhpRedisConnection.php:463
    459|     public function subscribe($channels, Closure $callback)
    460|     {
    461|         $this->client->subscribe((array) $channels, function ($redis, $channel, $message) use ($callback) {
    462|             $callback($message, $channel);
  > 463|         });
    464|     }
    465| 
    466|     /**
    467|      * Subscribe to a set of given channels with wildcards.

      [2m+3 vendor frames [22m
  4   app/Console/Commands/GetDataFromAI.php:44
      Illuminate\Support\Facades\Facade::__callStatic("subscribe")

      [2m+13 vendor frames [22m
  18  artisan:37
      Illuminate\Foundation\Console\Kernel::handle(Object(Symfony\Component\Console\Input\ArgvInput), Object(Symfony\Component\Console\Output\ConsoleOutput))

   RedisException 

  read error on connection to core.greenlabs.ai:11032

  at vendor/laravel/framework/src/Illuminate/Redis/Connections/PhpRedisConnection.php:463
    459|     public function subscribe($channels, Closure $callback)
    460|     {
    461|         $this->client->subscribe((array) $channels, function ($redis, $channel, $message) use ($callback) {
    462|             $callback($message, $channel);
  > 463|         });
    464|     }
    465| 
    466|     /**
    467|      * Subscribe to a set of given channels with wildcards.

      [2m+3 vendor frames [22m
  4   app/Console/Commands/GetDataFromAI.php:44
      Illuminate\Support\Facades\Facade::__callStatic("subscribe")

      [2m+13 vendor frames [22m
  18  artisan:37
      Illuminate\Foundation\Console\Kernel::handle(Object(Symfony\Component\Console\Input\ArgvInput), Object(Symfony\Component\Console\Output\ConsoleOutput))

   RedisException 

  read error on connection to core.greenlabs.ai:11032

  at vendor/laravel/framework/src/Illuminate/Redis/Connections/PhpRedisConnection.php:463
    459|     public function subscribe($channels, Closure $callback)
    460|     {
    461|         $this->client->subscribe((array) $channels, function ($redis, $channel, $message) use ($callback) {
    462|             $callback($message, $channel);
  > 463|         });
    464|     }
    465| 
    466|     /**
    467|      * Subscribe to a set of given channels with wildcards.

      [2m+3 vendor frames [22m
  4   app/Console/Commands/GetDataFromAI.php:44
      Illuminate\Support\Facades\Facade::__callStatic("subscribe")

      [2m+13 vendor frames [22m
  18  artisan:37
      Illuminate\Foundation\Console\Kernel::handle(Object(Symfony\Component\Console\Input\ArgvInput), Object(Symfony\Component\Console\Output\ConsoleOutput))

   RedisException 

  read error on connection to core.greenlabs.ai:11032

  at vendor/laravel/framework/src/Illuminate/Redis/Connections/PhpRedisConnection.php:463
    459|     public function subscribe($channels, Closure $callback)
    460|     {
    461|         $this->client->subscribe((array) $channels, function ($redis, $channel, $message) use ($callback) {
    462|             $callback($message, $channel);
  > 463|         });
    464|     }
    465| 
    466|     /**
    467|      * Subscribe to a set of given channels with wildcards.

      [2m+3 vendor frames [22m
  4   app/Console/Commands/GetDataFromAI.php:44
      Illuminate\Support\Facades\Facade::__callStatic("subscribe")

      [2m+13 vendor frames [22m
  18  artisan:37
      Illuminate\Foundation\Console\Kernel::handle(Object(Symfony\Component\Console\Input\ArgvInput), Object(Symfony\Component\Console\Output\ConsoleOutput))

   RedisException 

  read error on connection to core.greenlabs.ai:11032

  at vendor/laravel/framework/src/Illuminate/Redis/Connections/PhpRedisConnection.php:463
    459|     public function subscribe($channels, Closure $callback)
    460|     {
    461|         $this->client->subscribe((array) $channels, function ($redis, $channel, $message) use ($callback) {
    462|             $callback($message, $channel);
  > 463|         });
    464|     }
    465| 
    466|     /**
    467|      * Subscribe to a set of given channels with wildcards.

      [2m+3 vendor frames [22m
  4   app/Console/Commands/GetDataFromAI.php:44
      Illuminate\Support\Facades\Facade::__callStatic("subscribe")

      [2m+13 vendor frames [22m
  18  artisan:37
      Illuminate\Foundation\Console\Kernel::handle(Object(Symfony\Component\Console\Input\ArgvInput), Object(Symfony\Component\Console\Output\ConsoleOutput))

   RedisException 

  read error on connection to core.greenlabs.ai:11032

  at vendor/laravel/framework/src/Illuminate/Redis/Connections/PhpRedisConnection.php:463
    459|     public function subscribe($channels, Closure $callback)
    460|     {
    461|         $this->client->subscribe((array) $channels, function ($redis, $channel, $message) use ($callback) {
    462|             $callback($message, $channel);
  > 463|         });
    464|     }
    465| 
    466|     /**
    467|      * Subscribe to a set of given channels with wildcards.

      [2m+3 vendor frames [22m
  4   app/Console/Commands/GetDataFromAI.php:44
      Illuminate\Support\Facades\Facade::__callStatic("subscribe")

      [2m+13 vendor frames [22m
  18  artisan:37
      Illuminate\Foundation\Console\Kernel::handle(Object(Symfony\Component\Console\Input\ArgvInput), Object(Symfony\Component\Console\Output\ConsoleOutput))

   RedisException 

  read error on connection to core.greenlabs.ai:11032

  at vendor/laravel/framework/src/Illuminate/Redis/Connections/PhpRedisConnection.php:463
    459|     public function subscribe($channels, Closure $callback)
    460|     {
    461|         $this->client->subscribe((array) $channels, function ($redis, $channel, $message) use ($callback) {
    462|             $callback($message, $channel);
  > 463|         });
    464|     }
    465| 
    466|     /**
    467|      * Subscribe to a set of given channels with wildcards.

      [2m+3 vendor frames [22m
  4   app/Console/Commands/GetDataFromAI.php:44
      Illuminate\Support\Facades\Facade::__callStatic("subscribe")

      [2m+13 vendor frames [22m
  18  artisan:37
      Illuminate\Foundation\Console\Kernel::handle(Object(Symfony\Component\Console\Input\ArgvInput), Object(Symfony\Component\Console\Output\ConsoleOutput))
Could not open input file: /var/www/app/artisan
Could not open input file: /var/www/app/artisan
Could not open input file: /var/www/app/artisan
Could not open input file: /var/www/app/artisan

   RedisException 

  read error on connection to core.greenlabs.ai:11032

  at vendor/laravel/framework/src/Illuminate/Redis/Connections/PhpRedisConnection.php:463
    459|     public function subscribe($channels, Closure $callback)
    460|     {
    461|         $this->client->subscribe((array) $channels, function ($redis, $channel, $message) use ($callback) {
    462|             $callback($message, $channel);
  > 463|         });
    464|     }
    465| 
    466|     /**
    467|      * Subscribe to a set of given channels with wildcards.

      [2m+3 vendor frames [22m
  4   app/Console/Commands/GetDataFromAI.php:44
      Illuminate\Support\Facades\Facade::__callStatic("subscribe")

      [2m+13 vendor frames [22m
  18  artisan:37
      Illuminate\Foundation\Console\Kernel::handle(Object(Symfony\Component\Console\Input\ArgvInput), Object(Symfony\Component\Console\Output\ConsoleOutput))
No scheduled commands are ready to run.
No scheduled commands are ready to run.
No scheduled commands are ready to run.
No scheduled commands are ready to run.
No scheduled commands are ready to run.
No scheduled commands are ready to run.
No scheduled commands are ready to run.
No scheduled commands are ready to run.
No scheduled commands are ready to run.
No scheduled commands are ready to run.
No scheduled commands are ready to run.
No scheduled commands are ready to run.
No scheduled commands are ready to run.
No scheduled commands are ready to run.
No scheduled commands are ready to run.
No scheduled commands are ready to run.
No scheduled commands are ready to run.
No scheduled commands are ready to run.
No scheduled commands are ready to run.
No scheduled commands are ready to run.
No scheduled commands are ready to run.
No scheduled commands are ready to run.
No scheduled commands are ready to run.
No scheduled commands are ready to run.
No scheduled commands are ready to run.
No scheduled commands are ready to run.
No scheduled commands are ready to run.
No scheduled commands are ready to run.
No scheduled commands are ready to run.
No scheduled commands are ready to run.
No scheduled commands are ready to run.
No scheduled commands are ready to run.
No scheduled commands are ready to run.
No scheduled commands are ready to run.
No scheduled commands are ready to run.
No scheduled commands are ready to run.
No scheduled commands are ready to run.
No scheduled commands are ready to run.
No scheduled commands are ready to run.
No scheduled commands are ready to run.
No scheduled commands are ready to run.
No scheduled commands are ready to run.
No scheduled commands are ready to run.
No scheduled commands are ready to run.
No scheduled commands are ready to run.
No scheduled commands are ready to run.
No scheduled commands are ready to run.
No scheduled commands are ready to run.
No scheduled commands are ready to run.
No scheduled commands are ready to run.
No scheduled commands are ready to run.
No scheduled commands are ready to run.
No scheduled commands are ready to run.
No scheduled commands are ready to run.
No scheduled commands are ready to run.
No scheduled commands are ready to run.
No scheduled commands are ready to run.
No scheduled commands are ready to run.
No scheduled commands are ready to run.
No scheduled commands are ready to run.
No scheduled commands are ready to run.
No scheduled commands are ready to run.
No scheduled commands are ready to run.
No scheduled commands are ready to run.
No scheduled commands are ready to run.
No scheduled commands are ready to run.
No scheduled commands are ready to run.
No scheduled commands are ready to run.
No scheduled commands are ready to run.
No scheduled commands are ready to run.
No scheduled commands are ready to run.
No scheduled commands are ready to run.
No scheduled commands are ready to run.
No scheduled commands are ready to run.
No scheduled commands are ready to run.
No scheduled commands are ready to run.
No scheduled commands are ready to run.
No scheduled commands are ready to run.
No scheduled commands are ready to run.
No scheduled commands are ready to run.
No scheduled commands are ready to run.
No scheduled commands are ready to run.
No scheduled commands are ready to run.
No scheduled commands are ready to run.
No scheduled commands are ready to run.
No scheduled commands are ready to run.
No scheduled commands are ready to run.
No scheduled commands are ready to run.
No scheduled commands are ready to run.
No scheduled commands are ready to run.
No scheduled commands are ready to run.
No scheduled commands are ready to run.
No scheduled commands are ready to run.
No scheduled commands are ready to run.
No scheduled commands are ready to run.
No scheduled commands are ready to run.
No scheduled commands are ready to run.
No scheduled commands are ready to run.
No scheduled commands are ready to run.
No scheduled commands are ready to run.
No scheduled commands are ready to run.
No scheduled commands are ready to run.
No scheduled commands are ready to run.
No scheduled commands are ready to run.
No scheduled commands are ready to run.
No scheduled commands are ready to run.
No scheduled commands are ready to run.
No scheduled commands are ready to run.
No scheduled commands are ready to run.
No scheduled commands are ready to run.
No scheduled commands are ready to run.
No scheduled commands are ready to run.
No scheduled commands are ready to run.
No scheduled commands are ready to run.
No scheduled commands are ready to run.
No scheduled commands are ready to run.
No scheduled commands are ready to run.
No scheduled commands are ready to run.
No scheduled commands are ready to run.
No scheduled commands are ready to run.
No scheduled commands are ready to run.
No scheduled commands are ready to run.
No scheduled commands are ready to run.
No scheduled commands are ready to run.
No scheduled commands are ready to run.
No scheduled commands are ready to run.
No scheduled commands are ready to run.
No scheduled commands are ready to run.
No scheduled commands are ready to run.
No scheduled commands are ready to run.
No scheduled commands are ready to run.
No scheduled commands are ready to run.
No scheduled commands are ready to run.
No scheduled commands are ready to run.
No scheduled commands are ready to run.
No scheduled commands are ready to run.
No scheduled commands are ready to run.
No scheduled commands are ready to run.
No scheduled commands are ready to run.
No scheduled commands are ready to run.
No scheduled commands are ready to run.
No scheduled commands are ready to run.
No scheduled commands are ready to run.
No scheduled commands are ready to run.
No scheduled commands are ready to run.
No scheduled commands are ready to run.
No scheduled commands are ready to run.
No scheduled commands are ready to run.
No scheduled commands are ready to run.
No scheduled commands are ready to run.
No scheduled commands are ready to run.
No scheduled commands are ready to run.
No scheduled commands are ready to run.
No scheduled commands are ready to run.
No scheduled commands are ready to run.
No scheduled commands are ready to run.
No scheduled commands are ready to run.
No scheduled commands are ready to run.
No scheduled commands are ready to run.
No scheduled commands are ready to run.
No scheduled commands are ready to run.
No scheduled commands are ready to run.
No scheduled commands are ready to run.
No scheduled commands are ready to run.
No scheduled commands are ready to run.
No scheduled commands are ready to run.
No scheduled commands are ready to run.
No scheduled commands are ready to run.
No scheduled commands are ready to run.
No scheduled commands are ready to run.
No scheduled commands are ready to run.
No scheduled commands are ready to run.
No scheduled commands are ready to run.
No scheduled commands are ready to run.
No scheduled commands are ready to run.
No scheduled commands are ready to run.
No scheduled commands are ready to run.
No scheduled commands are ready to run.
No scheduled commands are ready to run.
No scheduled commands are ready to run.
No scheduled commands are ready to run.
No scheduled commands are ready to run.
No scheduled commands are ready to run.
No scheduled commands are ready to run.
No scheduled commands are ready to run.
No scheduled commands are ready to run.
No scheduled commands are ready to run.
No scheduled commands are ready to run.
No scheduled commands are ready to run.
No scheduled commands are ready to run.
No scheduled commands are ready to run.
No scheduled commands are ready to run.
No scheduled commands are ready to run.
No scheduled commands are ready to run.
No scheduled commands are ready to run.
No scheduled commands are ready to run.
No scheduled commands are ready to run.
No scheduled commands are ready to run.
No scheduled commands are ready to run.
No scheduled commands are ready to run.
No scheduled commands are ready to run.
No scheduled commands are ready to run.
No scheduled commands are ready to run.
No scheduled commands are ready to run.
No scheduled commands are ready to run.
No scheduled commands are ready to run.
No scheduled commands are ready to run.
No scheduled commands are ready to run.
No scheduled commands are ready to run.
No scheduled commands are ready to run.
No scheduled commands are ready to run.
No scheduled commands are ready to run.
No scheduled commands are ready to run.
No scheduled commands are ready to run.
No scheduled commands are ready to run.
No scheduled commands are ready to run.
No scheduled commands are ready to run.
No scheduled commands are ready to run.
No scheduled commands are ready to run.
No scheduled commands are ready to run.
No scheduled commands are ready to run.
No scheduled commands are ready to run.
No scheduled commands are ready to run.
No scheduled commands are ready to run.
No scheduled commands are ready to run.
No scheduled commands are ready to run.
No scheduled commands are ready to run.
No scheduled commands are ready to run.
No scheduled commands are ready to run.
No scheduled commands are ready to run.
No scheduled commands are ready to run.
No scheduled commands are ready to run.
No scheduled commands are ready to run.
No scheduled commands are ready to run.
No scheduled commands are ready to run.
No scheduled commands are ready to run.
No scheduled commands are ready to run.
No scheduled commands are ready to run.
No scheduled commands are ready to run.
No scheduled commands are ready to run.
No scheduled commands are ready to run.
No scheduled commands are ready to run.
No scheduled commands are ready to run.
No scheduled commands are ready to run.
No scheduled commands are ready to run.
No scheduled commands are ready to run.
No scheduled commands are ready to run.
No scheduled commands are ready to run.
No scheduled commands are ready to run.
No scheduled commands are ready to run.
No scheduled commands are ready to run.
No scheduled commands are ready to run.
No scheduled commands are ready to run.
No scheduled commands are ready to run.
No scheduled commands are ready to run.
No scheduled commands are ready to run.
No scheduled commands are ready to run.
No scheduled commands are ready to run.
No scheduled commands are ready to run.
No scheduled commands are ready to run.
No scheduled commands are ready to run.
No scheduled commands are ready to run.
No scheduled commands are ready to run.
No scheduled commands are ready to run.
No scheduled commands are ready to run.
No scheduled commands are ready to run.
No scheduled commands are ready to run.
No scheduled commands are ready to run.
No scheduled commands are ready to run.
No scheduled commands are ready to run.
No scheduled commands are ready to run.
No scheduled commands are ready to run.
No scheduled commands are ready to run.
No scheduled commands are ready to run.
No scheduled commands are ready to run.
No scheduled commands are ready to run.
No scheduled commands are ready to run.
No scheduled commands are ready to run.
No scheduled commands are ready to run.
No scheduled commands are ready to run.
No scheduled commands are ready to run.
No scheduled commands are ready to run.
No scheduled commands are ready to run.
No scheduled commands are ready to run.
No scheduled commands are ready to run.
No scheduled commands are ready to run.
No scheduled commands are ready to run.
No scheduled commands are ready to run.
No scheduled commands are ready to run.
No scheduled commands are ready to run.
No scheduled commands are ready to run.
No scheduled commands are ready to run.
No scheduled commands are ready to run.
No scheduled commands are ready to run.
No scheduled commands are ready to run.
No scheduled commands are ready to run.
No scheduled commands are ready to run.
No scheduled commands are ready to run.
No scheduled commands are ready to run.
No scheduled commands are ready to run.
No scheduled commands are ready to run.
No scheduled commands are ready to run.
No scheduled commands are ready to run.
No scheduled commands are ready to run.
No scheduled commands are ready to run.
No scheduled commands are ready to run.
No scheduled commands are ready to run.
No scheduled commands are ready to run.
No scheduled commands are ready to run.
No scheduled commands are ready to run.
No scheduled commands are ready to run.
No scheduled commands are ready to run.
No scheduled commands are ready to run.
No scheduled commands are ready to run.
No scheduled commands are ready to run.
No scheduled commands are ready to run.
No scheduled commands are ready to run.
No scheduled commands are ready to run.
No scheduled commands are ready to run.
No scheduled commands are ready to run.
No scheduled commands are ready to run.
No scheduled commands are ready to run.
No scheduled commands are ready to run.
No scheduled commands are ready to run.
No scheduled commands are ready to run.
No scheduled commands are ready to run.
No scheduled commands are ready to run.
No scheduled commands are ready to run.
No scheduled commands are ready to run.
No scheduled commands are ready to run.
No scheduled commands are ready to run.
No scheduled commands are ready to run.
No scheduled commands are ready to run.
No scheduled commands are ready to run.
No scheduled commands are ready to run.
No scheduled commands are ready to run.
No scheduled commands are ready to run.
No scheduled commands are ready to run.
No scheduled commands are ready to run.
No scheduled commands are ready to run.
No scheduled commands are ready to run.
No scheduled commands are ready to run.
No scheduled commands are ready to run.
No scheduled commands are ready to run.
No scheduled commands are ready to run.
No scheduled commands are ready to run.
No scheduled commands are ready to run.
No scheduled commands are ready to run.
No scheduled commands are ready to run.
No scheduled commands are ready to run.
No scheduled commands are ready to run.
No scheduled commands are ready to run.
No scheduled commands are ready to run.
No scheduled commands are ready to run.
No scheduled commands are ready to run.
No scheduled commands are ready to run.
No scheduled commands are ready to run.
No scheduled commands are ready to run.
No scheduled commands are ready to run.
No scheduled commands are ready to run.
No scheduled commands are ready to run.
No scheduled commands are ready to run.
No scheduled commands are ready to run.
No scheduled commands are ready to run.
No scheduled commands are ready to run.
No scheduled commands are ready to run.
No scheduled commands are ready to run.
No scheduled commands are ready to run.
No scheduled commands are ready to run.
No scheduled commands are ready to run.
No scheduled commands are ready to run.
No scheduled commands are ready to run.
No scheduled commands are ready to run.
No scheduled commands are ready to run.
No scheduled commands are ready to run.
No scheduled commands are ready to run.
No scheduled commands are ready to run.
No scheduled commands are ready to run.
No scheduled commands are ready to run.
No scheduled commands are ready to run.
No scheduled commands are ready to run.
No scheduled commands are ready to run.
No scheduled commands are ready to run.
No scheduled commands are ready to run.
No scheduled commands are ready to run.
No scheduled commands are ready to run.
No scheduled commands are ready to run.
No scheduled commands are ready to run.
No scheduled commands are ready to run.
No scheduled commands are ready to run.

   Predis\Connection\ConnectionException 

  Error while reading line from the server. [tcp://192.168.1.133:11032]

  at vendor/predis/predis/src/Connection/AbstractConnection.php:155
    151|      */
    152|     protected function onConnectionError($message, $code = null)
    153|     {
    154|         CommunicationException::handle(
  > 155|             new ConnectionException($this, static::createExceptionMessage($message), $code)
    156|         );
    157|     }
    158| 
    159|     /**

      [2m+7 vendor frames [22m
  8   app/Console/Commands/GetDataFromAI.php:131
      Illuminate\Support\Facades\Facade::__callStatic("subscribe")

      [2m+13 vendor frames [22m
  22  artisan:37
      Illuminate\Foundation\Console\Kernel::handle(Object(Symfony\Component\Console\Input\ArgvInput), Object(Symfony\Component\Console\Output\ConsoleOutput))

   Predis\Connection\ConnectionException 

  Error while reading line from the server. [tcp://192.168.1.133:11032]

  at vendor/predis/predis/src/Connection/AbstractConnection.php:155
    151|      */
    152|     protected function onConnectionError($message, $code = null)
    153|     {
    154|         CommunicationException::handle(
  > 155|             new ConnectionException($this, static::createExceptionMessage($message), $code)
    156|         );
    157|     }
    158| 
    159|     /**

      [2m+7 vendor frames [22m
  8   app/Console/Commands/GetDataFromAI.php:127
      Illuminate\Support\Facades\Facade::__callStatic("subscribe")

      [2m+13 vendor frames [22m
  22  artisan:37
      Illuminate\Foundation\Console\Kernel::handle(Object(Symfony\Component\Console\Input\ArgvInput), Object(Symfony\Component\Console\Output\ConsoleOutput))

   Predis\Connection\ConnectionException 

  Error while reading line from the server. [tcp://192.168.1.133:11032]

  at vendor/predis/predis/src/Connection/AbstractConnection.php:155
    151|      */
    152|     protected function onConnectionError($message, $code = null)
    153|     {
    154|         CommunicationException::handle(
  > 155|             new ConnectionException($this, static::createExceptionMessage($message), $code)
    156|         );
    157|     }
    158| 
    159|     /**

      [2m+7 vendor frames [22m
  8   app/Console/Commands/GetDataFromAI.php:127
      Illuminate\Support\Facades\Facade::__callStatic("subscribe")

      [2m+13 vendor frames [22m
  22  artisan:37
      Illuminate\Foundation\Console\Kernel::handle(Object(Symfony\Component\Console\Input\ArgvInput), Object(Symfony\Component\Console\Output\ConsoleOutput))
